  [4;36;1mSQL (0.2ms)[0m   [0;1m SELECT name
 FROM sqlite_master
 WHERE type = 'table' AND NOT name = 'sqlite_sequence'
[0m
  [4;35;1mSQL (10.0ms)[0m   [0mselect sqlite_version(*)[0m
  [4;36;1mSQL (1.9ms)[0m   [0;1mCREATE TABLE "schema_migrations" ("version" varchar(255) NOT NULL) [0m
  [4;35;1mSQL (1.7ms)[0m   [0mCREATE UNIQUE INDEX "unique_schema_migrations" ON "schema_migrations" ("version")[0m
  [4;36;1mSQL (0.2ms)[0m   [0;1m SELECT name
 FROM sqlite_master
 WHERE type = 'table' AND NOT name = 'sqlite_sequence'
[0m
  [4;35;1mSQL (0.1ms)[0m   [0mSELECT version FROM schema_migrations[0m
Migrating to CreateResources (20090313192457)
  [4;36;1mSQL (2.2ms)[0m   [0;1mCREATE TABLE "resources" ("id" INTEGER PRIMARY KEY AUTOINCREMENT NOT NULL, "name1" varchar(255), "name2" text, "name3" varchar(255), "name4" text, "created_at" datetime, "updated_at" datetime) [0m
  [4;35;1mSQL (1.9ms)[0m   [0mINSERT INTO schema_migrations (version) VALUES ('20090313192457')[0m
  [4;36;1mSQL (0.3ms)[0m   [0;1m SELECT name
 FROM sqlite_master
 WHERE type = 'table' AND NOT name = 'sqlite_sequence'
[0m
  [4;35;1mSQL (0.2ms)[0m   [0mSELECT version FROM schema_migrations[0m
  [4;36;1mSQL (0.2ms)[0m   [0;1m SELECT name
 FROM sqlite_master
 WHERE type = 'table' AND NOT name = 'sqlite_sequence'
[0m
  [4;35;1mSQL (0.1ms)[0m   [0mPRAGMA index_list("resources")[0m
  [4;36;1mSQL (0.2ms)[0m   [0;1mSET SQL_AUTO_IS_NULL=0[0m
  [4;35;1mSQL (0.3ms)[0m   [0mSHOW TABLES[0m
  [4;36;1mSQL (616.1ms)[0m   [0;1mCREATE TABLE `schema_migrations` (`version` varchar(255) NOT NULL) ENGINE=InnoDB[0m
  [4;35;1mSQL (455.9ms)[0m   [0mCREATE UNIQUE INDEX `unique_schema_migrations` ON `schema_migrations` (`version`)[0m
  [4;36;1mSQL (0.4ms)[0m   [0;1mSHOW TABLES[0m
  [4;35;1mSQL (0.3ms)[0m   [0mSELECT version FROM schema_migrations[0m
Migrating to CreateResources (20090313192457)
  [4;36;1mSQL (168.4ms)[0m   [0;1mCREATE TABLE `resources` (`id` int(11) DEFAULT NULL auto_increment PRIMARY KEY, `name1` varchar(255), `name2` text, `name3` varchar(255), `name4` text, `created_at` datetime, `updated_at` datetime) ENGINE=InnoDB[0m
  [4;35;1mSQL (74.6ms)[0m   [0mINSERT INTO schema_migrations (version) VALUES ('20090313192457')[0m
  [4;36;1mSQL (0.5ms)[0m   [0;1mSHOW TABLES[0m
  [4;35;1mSQL (0.3ms)[0m   [0mSELECT version FROM schema_migrations[0m
  [4;36;1mSQL (0.3ms)[0m   [0;1mSHOW TABLES[0m
  [4;35;1mSQL (1.6ms)[0m   [0mSHOW FIELDS FROM `resources`[0m
  [4;36;1mSQL (1.5ms)[0m   [0;1mdescribe `resources`[0m
  [4;35;1mSQL (0.8ms)[0m   [0mSHOW KEYS FROM `resources`[0m
  [4;36;1mSQL (0.2ms)[0m   [0;1mSET SQL_AUTO_IS_NULL=0[0m
  [4;35;1mSQL (0.5ms)[0m   [0mSHOW TABLES[0m
  [4;36;1mSQL (0.2ms)[0m   [0;1mSELECT version FROM schema_migrations[0m
Migrating to CreateResources (20090313192457)
Migrating to AddALotOfColumns (20090313193115)
  [4;35;1mSQL (0.0ms)[0m   [0mMysql::Error: Table 'isolated.resource' doesn't exist: ALTER TABLE `resource` ADD `name10` varchar(255)[0m
  [4;36;1mSQL (0.2ms)[0m   [0;1mSET SQL_AUTO_IS_NULL=0[0m
  [4;35;1mSQL (0.4ms)[0m   [0mSHOW TABLES[0m
  [4;36;1mSQL (0.2ms)[0m   [0;1mSELECT version FROM schema_migrations[0m
Migrating to CreateResources (20090313192457)
Migrating to AddALotOfColumns (20090313193115)
  [4;35;1mSQL (379.2ms)[0m   [0mALTER TABLE `resources` ADD `name10` varchar(255)[0m
  [4;36;1mSQL (165.8ms)[0m   [0;1mALTER TABLE `resources` ADD `name11` varchar(255)[0m
  [4;35;1mSQL (110.8ms)[0m   [0mALTER TABLE `resources` ADD `name12` varchar(255)[0m
  [4;36;1mSQL (154.2ms)[0m   [0;1mALTER TABLE `resources` ADD `name13` varchar(255)[0m
  [4;35;1mSQL (74.9ms)[0m   [0mALTER TABLE `resources` ADD `name14` varchar(255)[0m
  [4;36;1mSQL (100.3ms)[0m   [0;1mALTER TABLE `resources` ADD `name15` varchar(255)[0m
  [4;35;1mSQL (120.3ms)[0m   [0mALTER TABLE `resources` ADD `name16` varchar(255)[0m
  [4;36;1mSQL (173.2ms)[0m   [0;1mALTER TABLE `resources` ADD `name17` varchar(255)[0m
  [4;35;1mSQL (139.7ms)[0m   [0mALTER TABLE `resources` ADD `name18` varchar(255)[0m
  [4;36;1mSQL (120.2ms)[0m   [0;1mALTER TABLE `resources` ADD `name19` varchar(255)[0m
  [4;35;1mSQL (111.8ms)[0m   [0mALTER TABLE `resources` ADD `name20` varchar(255)[0m
  [4;36;1mSQL (128.5ms)[0m   [0;1mALTER TABLE `resources` ADD `name21` varchar(255)[0m
  [4;35;1mSQL (184.9ms)[0m   [0mALTER TABLE `resources` ADD `name22` varchar(255)[0m
  [4;36;1mSQL (117.5ms)[0m   [0;1mALTER TABLE `resources` ADD `name23` varchar(255)[0m
  [4;35;1mSQL (110.1ms)[0m   [0mALTER TABLE `resources` ADD `name24` varchar(255)[0m
  [4;36;1mSQL (112.3ms)[0m   [0;1mALTER TABLE `resources` ADD `name25` varchar(255)[0m
  [4;35;1mSQL (109.3ms)[0m   [0mALTER TABLE `resources` ADD `text_name10` text[0m
  [4;36;1mSQL (163.8ms)[0m   [0;1mALTER TABLE `resources` ADD `text_name11` text[0m
  [4;35;1mSQL (145.8ms)[0m   [0mALTER TABLE `resources` ADD `text_name12` text[0m
  [4;36;1mSQL (130.7ms)[0m   [0;1mALTER TABLE `resources` ADD `text_name13` text[0m
  [4;35;1mSQL (112.3ms)[0m   [0mALTER TABLE `resources` ADD `text_name14` text[0m
  [4;36;1mSQL (122.3ms)[0m   [0;1mALTER TABLE `resources` ADD `text_name15` text[0m
  [4;35;1mSQL (121.7ms)[0m   [0mALTER TABLE `resources` ADD `text_name16` text[0m
  [4;36;1mSQL (121.9ms)[0m   [0;1mALTER TABLE `resources` ADD `text_name17` text[0m
  [4;35;1mSQL (121.1ms)[0m   [0mALTER TABLE `resources` ADD `text_name18` text[0m
  [4;36;1mSQL (110.7ms)[0m   [0;1mALTER TABLE `resources` ADD `text_name19` text[0m
  [4;35;1mSQL (132.7ms)[0m   [0mALTER TABLE `resources` ADD `text_name20` text[0m
  [4;36;1mSQL (121.8ms)[0m   [0;1mALTER TABLE `resources` ADD `text_name21` text[0m
  [4;35;1mSQL (99.6ms)[0m   [0mALTER TABLE `resources` ADD `text_name22` text[0m
  [4;36;1mSQL (100.3ms)[0m   [0;1mALTER TABLE `resources` ADD `text_name23` text[0m
  [4;35;1mSQL (99.8ms)[0m   [0mALTER TABLE `resources` ADD `text_name24` text[0m
  [4;36;1mSQL (99.4ms)[0m   [0;1mALTER TABLE `resources` ADD `text_name25` text[0m
  [4;35;1mSQL (110.5ms)[0m   [0mALTER TABLE `resources` ADD `yet_another_name10` varchar(255)[0m
  [4;36;1mSQL (110.7ms)[0m   [0;1mALTER TABLE `resources` ADD `yet_another_name11` varchar(255)[0m
  [4;35;1mSQL (152.3ms)[0m   [0mALTER TABLE `resources` ADD `yet_another_name12` varchar(255)[0m
  [4;36;1mSQL (127.2ms)[0m   [0;1mALTER TABLE `resources` ADD `yet_another_name13` varchar(255)[0m
  [4;35;1mSQL (154.3ms)[0m   [0mALTER TABLE `resources` ADD `yet_another_name14` varchar(255)[0m
  [4;36;1mSQL (108.9ms)[0m   [0;1mALTER TABLE `resources` ADD `yet_another_name15` varchar(255)[0m
  [4;35;1mSQL (112.0ms)[0m   [0mALTER TABLE `resources` ADD `yet_another_name16` varchar(255)[0m
  [4;36;1mSQL (110.7ms)[0m   [0;1mALTER TABLE `resources` ADD `yet_another_name17` varchar(255)[0m
  [4;35;1mSQL (127.6ms)[0m   [0mALTER TABLE `resources` ADD `yet_another_name18` varchar(255)[0m
  [4;36;1mSQL (126.1ms)[0m   [0;1mALTER TABLE `resources` ADD `yet_another_name19` varchar(255)[0m
  [4;35;1mSQL (109.9ms)[0m   [0mALTER TABLE `resources` ADD `yet_another_name20` varchar(255)[0m
  [4;36;1mSQL (110.7ms)[0m   [0;1mALTER TABLE `resources` ADD `yet_another_name21` varchar(255)[0m
  [4;35;1mSQL (127.1ms)[0m   [0mALTER TABLE `resources` ADD `yet_another_name22` varchar(255)[0m
  [4;36;1mSQL (170.2ms)[0m   [0;1mALTER TABLE `resources` ADD `yet_another_name23` varchar(255)[0m
  [4;35;1mSQL (112.6ms)[0m   [0mALTER TABLE `resources` ADD `yet_another_name24` varchar(255)[0m
  [4;36;1mSQL (121.3ms)[0m   [0;1mALTER TABLE `resources` ADD `yet_another_name25` varchar(255)[0m
  [4;35;1mSQL (110.6ms)[0m   [0mALTER TABLE `resources` ADD `yet_another_text_name10` text[0m
  [4;36;1mSQL (121.9ms)[0m   [0;1mALTER TABLE `resources` ADD `yet_another_text_name11` text[0m
  [4;35;1mSQL (121.9ms)[0m   [0mALTER TABLE `resources` ADD `yet_another_text_name12` text[0m
  [4;36;1mSQL (121.9ms)[0m   [0;1mALTER TABLE `resources` ADD `yet_another_text_name13` text[0m
  [4;35;1mSQL (172.8ms)[0m   [0mALTER TABLE `resources` ADD `yet_another_text_name14` text[0m
  [4;36;1mSQL (92.3ms)[0m   [0;1mALTER TABLE `resources` ADD `yet_another_text_name15` text[0m
  [4;35;1mSQL (111.6ms)[0m   [0mALTER TABLE `resources` ADD `yet_another_text_name16` text[0m
  [4;36;1mSQL (109.9ms)[0m   [0;1mALTER TABLE `resources` ADD `yet_another_text_name17` text[0m
  [4;35;1mSQL (110.6ms)[0m   [0mALTER TABLE `resources` ADD `yet_another_text_name18` text[0m
  [4;36;1mSQL (137.9ms)[0m   [0;1mALTER TABLE `resources` ADD `yet_another_text_name19` text[0m
  [4;35;1mSQL (138.5ms)[0m   [0mALTER TABLE `resources` ADD `yet_another_text_name20` text[0m
  [4;36;1mSQL (130.5ms)[0m   [0;1mALTER TABLE `resources` ADD `yet_another_text_name21` text[0m
  [4;35;1mSQL (149.0ms)[0m   [0mALTER TABLE `resources` ADD `yet_another_text_name22` text[0m
  [4;36;1mSQL (120.7ms)[0m   [0;1mALTER TABLE `resources` ADD `yet_another_text_name23` text[0m
  [4;35;1mSQL (120.5ms)[0m   [0mALTER TABLE `resources` ADD `yet_another_text_name24` text[0m
  [4;36;1mSQL (168.9ms)[0m   [0;1mALTER TABLE `resources` ADD `yet_another_text_name25` text[0m
  [4;35;1mSQL (129.9ms)[0m   [0mALTER TABLE `resources` ADD `this_name10` varchar(255)[0m
  [4;36;1mSQL (121.7ms)[0m   [0;1mALTER TABLE `resources` ADD `this_name11` varchar(255)[0m
  [4;35;1mSQL (121.9ms)[0m   [0mALTER TABLE `resources` ADD `this_name12` varchar(255)[0m
  [4;36;1mSQL (159.6ms)[0m   [0;1mALTER TABLE `resources` ADD `this_name13` varchar(255)[0m
  [4;35;1mSQL (87.1ms)[0m   [0mALTER TABLE `resources` ADD `this_name14` varchar(255)[0m
  [4;36;1mSQL (96.4ms)[0m   [0;1mALTER TABLE `resources` ADD `this_name15` varchar(255)[0m
  [4;35;1mSQL (99.6ms)[0m   [0mALTER TABLE `resources` ADD `this_name16` varchar(255)[0m
  [4;36;1mSQL (120.9ms)[0m   [0;1mALTER TABLE `resources` ADD `this_name17` varchar(255)[0m
  [4;35;1mSQL (125.9ms)[0m   [0mALTER TABLE `resources` ADD `this_name18` varchar(255)[0m
  [4;36;1mSQL (108.5ms)[0m   [0;1mALTER TABLE `resources` ADD `this_name19` varchar(255)[0m
  [4;35;1mSQL (109.6ms)[0m   [0mALTER TABLE `resources` ADD `this_name20` varchar(255)[0m
  [4;36;1mSQL (123.2ms)[0m   [0;1mALTER TABLE `resources` ADD `this_name21` varchar(255)[0m
  [4;35;1mSQL (119.9ms)[0m   [0mALTER TABLE `resources` ADD `this_name22` varchar(255)[0m
  [4;36;1mSQL (133.1ms)[0m   [0;1mALTER TABLE `resources` ADD `this_name23` varchar(255)[0m
  [4;35;1mSQL (252.7ms)[0m   [0mALTER TABLE `resources` ADD `this_name24` varchar(255)[0m
  [4;36;1mSQL (172.4ms)[0m   [0;1mALTER TABLE `resources` ADD `this_name25` varchar(255)[0m
  [4;35;1mSQL (119.3ms)[0m   [0mALTER TABLE `resources` ADD `this_text_name10` text[0m
  [4;36;1mSQL (110.8ms)[0m   [0;1mALTER TABLE `resources` ADD `this_text_name11` text[0m
  [4;35;1mSQL (99.7ms)[0m   [0mALTER TABLE `resources` ADD `this_text_name12` text[0m
  [4;36;1mSQL (172.4ms)[0m   [0;1mALTER TABLE `resources` ADD `this_text_name13` text[0m
  [4;35;1mSQL (91.6ms)[0m   [0mALTER TABLE `resources` ADD `this_text_name14` text[0m
  [4;36;1mSQL (110.8ms)[0m   [0;1mALTER TABLE `resources` ADD `this_text_name15` text[0m
  [4;35;1mSQL (99.2ms)[0m   [0mALTER TABLE `resources` ADD `this_text_name16` text[0m
  [4;36;1mSQL (100.0ms)[0m   [0;1mALTER TABLE `resources` ADD `this_text_name17` text[0m
  [4;35;1mSQL (99.6ms)[0m   [0mALTER TABLE `resources` ADD `this_text_name18` text[0m
  [4;36;1mSQL (99.6ms)[0m   [0;1mALTER TABLE `resources` ADD `this_text_name19` text[0m
  [4;35;1mSQL (98.3ms)[0m   [0mALTER TABLE `resources` ADD `this_text_name20` text[0m
  [4;36;1mSQL (110.5ms)[0m   [0;1mALTER TABLE `resources` ADD `this_text_name21` text[0m
  [4;35;1mSQL (111.5ms)[0m   [0mALTER TABLE `resources` ADD `this_text_name22` text[0m
  [4;36;1mSQL (109.2ms)[0m   [0;1mALTER TABLE `resources` ADD `this_text_name23` text[0m
  [4;35;1mSQL (111.6ms)[0m   [0mALTER TABLE `resources` ADD `this_text_name24` text[0m
  [4;36;1mSQL (109.5ms)[0m   [0;1mALTER TABLE `resources` ADD `this_text_name25` text[0m
  [4;35;1mSQL (100.5ms)[0m   [0mALTER TABLE `resources` ADD `this_yet_another_name10` varchar(255)[0m
  [4;36;1mSQL (107.6ms)[0m   [0;1mALTER TABLE `resources` ADD `this_yet_another_name11` varchar(255)[0m
  [4;35;1mSQL (91.9ms)[0m   [0mALTER TABLE `resources` ADD `this_yet_another_name12` varchar(255)[0m
  [4;36;1mSQL (110.5ms)[0m   [0;1mALTER TABLE `resources` ADD `this_yet_another_name13` varchar(255)[0m
  [4;35;1mSQL (99.1ms)[0m   [0mALTER TABLE `resources` ADD `this_yet_another_name14` varchar(255)[0m
  [4;36;1mSQL (110.5ms)[0m   [0;1mALTER TABLE `resources` ADD `this_yet_another_name15` varchar(255)[0m
  [4;35;1mSQL (132.5ms)[0m   [0mALTER TABLE `resources` ADD `this_yet_another_name16` varchar(255)[0m
  [4;36;1mSQL (135.2ms)[0m   [0;1mALTER TABLE `resources` ADD `this_yet_another_name17` varchar(255)[0m
  [4;35;1mSQL (130.6ms)[0m   [0mALTER TABLE `resources` ADD `this_yet_another_name18` varchar(255)[0m
  [4;36;1mSQL (133.0ms)[0m   [0;1mALTER TABLE `resources` ADD `this_yet_another_name19` varchar(255)[0m
  [4;35;1mSQL (122.0ms)[0m   [0mALTER TABLE `resources` ADD `this_yet_another_name20` varchar(255)[0m
  [4;36;1mSQL (121.5ms)[0m   [0;1mALTER TABLE `resources` ADD `this_yet_another_name21` varchar(255)[0m
  [4;35;1mSQL (121.0ms)[0m   [0mALTER TABLE `resources` ADD `this_yet_another_name22` varchar(255)[0m
  [4;36;1mSQL (121.6ms)[0m   [0;1mALTER TABLE `resources` ADD `this_yet_another_name23` varchar(255)[0m
  [4;35;1mSQL (110.4ms)[0m   [0mALTER TABLE `resources` ADD `this_yet_another_name24` varchar(255)[0m
  [4;36;1mSQL (133.0ms)[0m   [0;1mALTER TABLE `resources` ADD `this_yet_another_name25` varchar(255)[0m
  [4;35;1mSQL (121.5ms)[0m   [0mALTER TABLE `resources` ADD `this_yet_another_text_name10` text[0m
  [4;36;1mSQL (99.8ms)[0m   [0;1mALTER TABLE `resources` ADD `this_yet_another_text_name11` text[0m
  [4;35;1mSQL (118.4ms)[0m   [0mALTER TABLE `resources` ADD `this_yet_another_text_name12` text[0m
  [4;36;1mSQL (113.8ms)[0m   [0;1mALTER TABLE `resources` ADD `this_yet_another_text_name13` text[0m
  [4;35;1mSQL (102.3ms)[0m   [0mALTER TABLE `resources` ADD `this_yet_another_text_name14` text[0m
  [4;36;1mSQL (97.5ms)[0m   [0;1mALTER TABLE `resources` ADD `this_yet_another_text_name15` text[0m
  [4;35;1mSQL (128.1ms)[0m   [0mALTER TABLE `resources` ADD `this_yet_another_text_name16` text[0m
  [4;36;1mSQL (114.9ms)[0m   [0;1mALTER TABLE `resources` ADD `this_yet_another_text_name17` text[0m
  [4;35;1mSQL (132.8ms)[0m   [0mALTER TABLE `resources` ADD `this_yet_another_text_name18` text[0m
  [4;36;1mSQL (110.1ms)[0m   [0;1mALTER TABLE `resources` ADD `this_yet_another_text_name19` text[0m
  [4;35;1mSQL (111.5ms)[0m   [0mALTER TABLE `resources` ADD `this_yet_another_text_name20` text[0m
  [4;36;1mSQL (109.2ms)[0m   [0;1mALTER TABLE `resources` ADD `this_yet_another_text_name21` text[0m
  [4;35;1mSQL (375.8ms)[0m   [0mALTER TABLE `resources` ADD `this_yet_another_text_name22` text[0m
  [4;36;1mSQL (145.2ms)[0m   [0;1mALTER TABLE `resources` ADD `this_yet_another_text_name23` text[0m
  [4;35;1mSQL (99.0ms)[0m   [0mALTER TABLE `resources` ADD `this_yet_another_text_name24` text[0m
  [4;36;1mSQL (100.0ms)[0m   [0;1mALTER TABLE `resources` ADD `this_yet_another_text_name25` text[0m
  [4;35;1mSQL (0.6ms)[0m   [0mINSERT INTO schema_migrations (version) VALUES ('20090313193115')[0m
  [4;36;1mSQL (0.8ms)[0m   [0;1mSHOW TABLES[0m
  [4;35;1mSQL (0.4ms)[0m   [0mSELECT version FROM schema_migrations[0m
  [4;36;1mSQL (0.3ms)[0m   [0;1mSHOW TABLES[0m
  [4;35;1mSQL (6.5ms)[0m   [0mSHOW FIELDS FROM `resources`[0m
  [4;36;1mSQL (6.7ms)[0m   [0;1mdescribe `resources`[0m
  [4;35;1mSQL (1.1ms)[0m   [0mSHOW KEYS FROM `resources`[0m
